[2017-10-25 00:17:14] [info] Start Program:
Path:"C:\Users\Bodyaka\documents\visual studio 2017\Projects\ThreadPool\Debug\ThreadPoolExe.exe"
Arguments:
Working directory: "C:\Users\Bodyaka\documents\visual studio 2017\Projects\ThreadPool\ThreadPoolExe\"
Modules: Selected: C:\Users\Bodyaka\documents\visual studio 2017\Projects\ThreadPool\Debug\ThreadPool.lib C:\Users\Bodyaka\documents\visual studio 2017\Projects\ThreadPool\Debug\ThreadPoolTests.exe Excluded: 
Sources: Selected: C:\Users\Bodyaka\documents\visual studio 2017\Projects\ThreadPool\ThreadPool C:\Users\Bodyaka\documents\visual studio 2017\Projects\ThreadPool\ThreadPoolTests Excluded: 
Log Level: Normal
Cover Children: 0
Aggregate by file: 1
Continue after C++ exception: 0
Optimized build support: 0
Export: Binary C:\Users\Bodyaka\AppData\Local\Temp\aokrunj2.qyl 
Input coverage: 
Unified diff: 
Excluded line regular expressions: 

[2017-10-25 00:17:14] [info] Module: C:\Users\Bodyaka\Documents\Visual Studio 2017\Projects\ThreadPool\Debug\ThreadPoolExe.exe is skipped because it matches no selected patterns
[2017-10-25 00:17:14] [info] Module: C:\Windows\SysWOW64\ntdll.dll is skipped because it matches no selected patterns
[2017-10-25 00:17:14] [info] Module: C:\Windows\SysWOW64\kernel32.dll is skipped because it matches no selected patterns
[2017-10-25 00:17:14] [info] Module: C:\Windows\SysWOW64\kernel32.dll is skipped because it matches no selected patterns
[2017-10-25 00:17:14] [info] Module: C:\Windows\SysWOW64\KernelBase.dll is skipped because it matches no selected patterns
[2017-10-25 00:17:14] [info] Module: C:\Windows\SysWOW64\kernel.appcore.dll is skipped because it matches no selected patterns
[2017-10-25 00:17:14] [info] Module: C:\Windows\SysWOW64\msvcrt.dll is skipped because it matches no selected patterns
[2017-10-25 00:17:14] [info] Module: C:\Windows\SysWOW64\rpcrt4.dll is skipped because it matches no selected patterns
[2017-10-25 00:17:14] [info] Module: C:\Windows\SysWOW64\sspicli.dll is skipped because it matches no selected patterns
[2017-10-25 00:17:14] [info] Module: C:\Windows\SysWOW64\cryptbase.dll is skipped because it matches no selected patterns
[2017-10-25 00:17:14] [info] Module: C:\Windows\SysWOW64\bcryptprimitives.dll is skipped because it matches no selected patterns
[2017-10-25 00:17:14] [info] Module: C:\Windows\SysWOW64\sechost.dll is skipped because it matches no selected patterns
[2017-10-25 00:20:22] [warning] ----------------------------------------------------
[2017-10-25 00:20:22] [warning] It seems there is an assertion failure or you call DebugBreak() in your program.
[2017-10-25 00:20:22] [warning] ----------------------------------------------------
[2017-10-25 00:20:22] [info] Module: C:\Windows\SysWOW64\kernel.appcore.dll is skipped because it matches no selected patterns
[2017-10-25 00:20:22] [info] Module: C:\Windows\SysWOW64\msvcrt.dll is skipped because it matches no selected patterns
[2017-10-25 00:20:22] [info] Module: C:\Windows\SysWOW64\rpcrt4.dll is skipped because it matches no selected patterns
[2017-10-25 00:20:22] [info] Module: C:\Windows\SysWOW64\sspicli.dll is skipped because it matches no selected patterns
[2017-10-25 00:20:22] [info] Module: C:\Windows\SysWOW64\cryptbase.dll is skipped because it matches no selected patterns
[2017-10-25 00:20:22] [info] Module: C:\Windows\SysWOW64\sechost.dll is skipped because it matches no selected patterns
[2017-10-25 00:20:22] [info] ----------------------------------------------------
[2017-10-25 00:20:22] [info] Coverage binary generated in file: C:\Users\Bodyaka\AppData\Local\Temp\aokrunj2.qyl
[2017-10-25 00:20:22] [info] ----------------------------------------------------
[2017-10-25 00:20:22] [error] Your program stop with error code: -2147483645
